<?xml version="1.0" encoding="UTF-8"?>
<!-- Generated by org.testng.reporters.JUnitReportReporter -->
<testsuite hostname="Subodh" name="automation.DropdownAutoSelectUsingTestNG" tests="1" failures="0" timestamp="30 Nov 2017 06:52:18 GMT" time="14.739" errors="0">
  <testcase name="autoComplete" time="14.739" classname="automation.DropdownAutoSelectUsingTestNG"/>
</testsuite> <!-- automation.DropdownAutoSelectUsingTestNG -->
